<?xml version="1.0" encoding="UTF-8"?>
<!-- Generated by org.testng.reporters.JUnitXMLReporter -->
<testsuite hostname="PARAM" ignored="21" name="sanityflow" tests="8" failures="0" timestamp="28 Feb 2021 17:33:30 GMT" time="292.135" errors="0">
  <testcase name="clickBroadbandButtonTest" time="3.442" classname="com.qa.testcase.HomePageTest"/>
  <testcase name="validatePlanTest" time="8.725" classname="com.qa.testcase.PopUpPageTest"/>
  <testcase name="validatesubmitAddonsTest" time="5.68" classname="com.qa.testcase.AddOnPageTest"/>
  <testcase name="validateYourDetailsTest" time="8.571" classname="com.qa.testcase.YourDetailsTest"/>
  <testcase name="validateOtpTest" time="1.642" classname="com.qa.testcase.ConnectionAddressTest"/>
  <testcase name="validateConnectionAddressTest" time="4.466" classname="com.qa.testcase.OtpTest"/>
  <testcase name="validateconnectionTypeTest" time="5.258" classname="com.qa.testcase.BasicInfoPageTest"/>
  <testcase name="validatenextButtonTest" time="5.587" classname="com.qa.testcase.BasicInfoPageTest"/>
  <testcase name="validatePhoneNumberTest" time="0.0" classname="com.qa.testcase.HomePageTest">
    <ignored/>
  </testcase> <!-- validatePhoneNumberTest -->
  <testcase name="validatehomeCallBoxTest" time="0.0" classname="com.qa.testcase.AddOnPageTest">
    <ignored/>
  </testcase> <!-- validatehomeCallBoxTest -->
  <testcase name="validateNeedModemCheckBoxCheckedTest" time="0.0" classname="com.qa.testcase.AddOnPageTest">
    <ignored/>
  </testcase> <!-- validateNeedModemCheckBoxCheckedTest -->
  <testcase name="validateSpecialTabTest" time="0.0" classname="com.qa.testcase.PopUpPageTest">
    <ignored/>
  </testcase> <!-- validateSpecialTabTest -->
  <testcase name="validateStrikeCostTest" time="0.0" classname="com.qa.testcase.PopUpPageTest">
    <ignored/>
  </testcase> <!-- validateStrikeCostTest -->
  <testcase name="validateNeedModemBoxTest" time="0.0" classname="com.qa.testcase.AddOnPageTest">
    <ignored/>
  </testcase> <!-- validateNeedModemBoxTest -->
  <testcase name="validateBroadbandButtonTest" time="0.0" classname="com.qa.testcase.HomePageTest">
    <ignored/>
  </testcase> <!-- validateBroadbandButtonTest -->
  <testcase name="validateh4ContentTest" time="0.0" classname="com.qa.testcase.PopUpPageTest">
    <ignored/>
  </testcase> <!-- validateh4ContentTest -->
  <testcase name="validateBYOCheckBoxCheckedTest" time="0.0" classname="com.qa.testcase.AddOnPageTest">
    <ignored/>
  </testcase> <!-- validateBYOCheckBoxCheckedTest -->
  <testcase name="validateHomeCallPlanSelectTest" time="0.0" classname="com.qa.testcase.AddOnPageTest">
    <ignored/>
  </testcase> <!-- validateHomeCallPlanSelectTest -->
  <testcase name="validateConnectionDetailsTest" time="0.0" classname="com.qa.testcase.YourDetailsTest">
    <ignored/>
  </testcase> <!-- validateConnectionDetailsTest -->
  <testcase name="validateOtherAddonChecksTest" time="0.0" classname="com.qa.testcase.AddOnPageTest">
    <ignored/>
  </testcase> <!-- validateOtherAddonChecksTest -->
  <testcase name="validateAddressApiTest" time="0.0" classname="com.qa.testcase.BasicInfoPageTest">
    <ignored/>
  </testcase> <!-- validateAddressApiTest -->
  <testcase name="homePageTitleTest" time="0.0" classname="com.qa.testcase.HomePageTest">
    <ignored/>
  </testcase> <!-- homePageTitleTest -->
  <testcase name="validatesmallContentTest" time="0.0" classname="com.qa.testcase.PopUpPageTest">
    <ignored/>
  </testcase> <!-- validatesmallContentTest -->
  <testcase name="validateCredentialsTest" time="0.0" classname="com.qa.testcase.PopUpPageTest">
    <ignored/>
  </testcase> <!-- validateCredentialsTest -->
  <testcase name="validatePlanNameTest" time="0.0" classname="com.qa.testcase.PopUpPageTest">
    <ignored/>
  </testcase> <!-- validatePlanNameTest -->
  <testcase name="validateOtherAddonBoxTest" time="0.0" classname="com.qa.testcase.AddOnPageTest">
    <ignored/>
  </testcase> <!-- validateOtherAddonBoxTest -->
  <testcase name="validatemoveInTest" time="0.0" classname="com.qa.testcase.BasicInfoPageTest">
    <ignored/>
  </testcase> <!-- validatemoveInTest -->
  <testcase name="validateOfferCostTest" time="0.0" classname="com.qa.testcase.PopUpPageTest">
    <ignored/>
  </testcase> <!-- validateOfferCostTest -->
  <testcase name="validateyourOrderBoxTest" time="0.0" classname="com.qa.testcase.AddOnPageTest">
    <ignored/>
  </testcase> <!-- validateyourOrderBoxTest -->
</testsuite> <!-- sanityflow -->
