<?xml version="1.0" encoding="UTF-8"?>
<testng-results skipped="0" failed="0" ignored="1" total="2" passed="1">
  <reporter-output>
  </reporter-output>
  <suite name="Default suite" duration-ms="54387" started-at="2021-02-25T15:27:51Z" finished-at="2021-02-25T15:28:45Z">
    <groups>
    </groups>
    <test name="Default test" duration-ms="54387" started-at="2021-02-25T15:27:51Z" finished-at="2021-02-25T15:28:45Z">
      <class name="com.qa.testcase.YourDetailsTest">
        <test-method status="PASS" signature="setup()[pri:0, instance:com.qa.testcase.YourDetailsTest@691a7f8f]" name="setup" is-config="true" duration-ms="46484" started-at="2021-02-25T15:27:51Z" finished-at="2021-02-25T15:28:38Z">
          <reporter-output>
          </reporter-output>
        </test-method> <!-- setup -->
        <test-method status="PASS" signature="validateYourDetailsTest()[pri:1, instance:com.qa.testcase.YourDetailsTest@691a7f8f]" name="validateYourDetailsTest" duration-ms="7869" started-at="2021-02-25T15:28:38Z" finished-at="2021-02-25T15:28:45Z">
          <reporter-output>
          </reporter-output>
        </test-method> <!-- validateYourDetailsTest -->
      </class> <!-- com.qa.testcase.YourDetailsTest -->
    </test> <!-- Default test -->
  </suite> <!-- Default suite -->
</testng-results>
