<?xml version="1.0" encoding="UTF-8"?>
<!-- Generated by org.testng.reporters.JUnitXMLReporter -->
<testsuite hostname="PARAM" ignored="8" name="Default test" tests="1" failures="0" timestamp="01 Mar 2021 18:22:58 GMT" time="32.977" errors="0">
  <testcase name="validatesubmitAddonsTest" time="5.008" classname="com.qa.testcase.AddOnPageTest"/>
  <testcase name="validateOtherAddonChecksTest" time="0.0" classname="com.qa.testcase.AddOnPageTest">
    <ignored/>
  </testcase> <!-- validateOtherAddonChecksTest -->
  <testcase name="validatehomeCallBoxTest" time="0.0" classname="com.qa.testcase.AddOnPageTest">
    <ignored/>
  </testcase> <!-- validatehomeCallBoxTest -->
  <testcase name="validateNeedModemCheckBoxCheckedTest" time="0.0" classname="com.qa.testcase.AddOnPageTest">
    <ignored/>
  </testcase> <!-- validateNeedModemCheckBoxCheckedTest -->
  <testcase name="validateNeedModemBoxTest" time="0.0" classname="com.qa.testcase.AddOnPageTest">
    <ignored/>
  </testcase> <!-- validateNeedModemBoxTest -->
  <testcase name="validateOtherAddonBoxTest" time="0.0" classname="com.qa.testcase.AddOnPageTest">
    <ignored/>
  </testcase> <!-- validateOtherAddonBoxTest -->
  <testcase name="validateBYOCheckBoxCheckedTest" time="0.0" classname="com.qa.testcase.AddOnPageTest">
    <ignored/>
  </testcase> <!-- validateBYOCheckBoxCheckedTest -->
  <testcase name="validateHomeCallPlanSelectTest" time="0.0" classname="com.qa.testcase.AddOnPageTest">
    <ignored/>
  </testcase> <!-- validateHomeCallPlanSelectTest -->
  <testcase name="validateyourOrderBoxTest" time="0.0" classname="com.qa.testcase.AddOnPageTest">
    <ignored/>
  </testcase> <!-- validateyourOrderBoxTest -->
</testsuite> <!-- Default test -->
