<?xml version="1.0" encoding="UTF-8"?>
<!-- Generated by org.testng.reporters.JUnitXMLReporter -->
<testsuite hostname="PARAM" ignored="1" name="Default test" tests="1" failures="0" timestamp="25 Feb 2021 15:28:46 GMT" time="54.387" errors="0">
  <testcase name="validateYourDetailsTest" time="7.869" classname="com.qa.testcase.YourDetailsTest"/>
  <testcase name="validateConnectionDetailsTest" time="0.0" classname="com.qa.testcase.YourDetailsTest">
    <ignored/>
  </testcase> <!-- validateConnectionDetailsTest -->
</testsuite> <!-- Default test -->
